<?xml version="1.0"?>
<conmfiguration>
    <property>
        <name>color</name>
        <value>blue</value>
        <description></description>
    </property>
    <property>
        <name>height</name>
        <value>10</value>
        <description></description>
    </property>
    <property>
        <name>height-color</name>
        <value>${height}${color}</value>
        <description></description>
    </property>
    <property>
        <name>height-color-arr</name>
        <value>${PATH}</value>
        <description></description>
    </property>
    <property>
        <name>fs.defaultFS</name>
        <value>hdfs://localhost:8020</value>
        <description></description>
    </property>

    fs.defaultFS
</conmfiguration>